TMS320C2000 Assembler PC v6.4.6 Thu Feb 11 10:11:22 2016

Tools Copyright (c) 1996-2015 Texas Instruments Incorporated
fastRTS_sample.asm                                                   PAGE    1

       1              ;***************************************************************
       2              ;* TMS320C2000 C/C++ Codegen                         PC v6.4.6 *
       3              ;* Date/Time created: Thu Feb 11 10:11:22 2016                 *
       4              ;***************************************************************
       5                      .compiler_opts --float_support=fpu32 --hll_source=on --mem_model:code=flat --mem_model:data=large --o
       6        0002  FP      .set    XAR2
       7              
       8              $C$DW$CU        .dwtag  DW_TAG_compile_unit
       9                      .dwattr $C$DW$CU, DW_AT_name("C:/Users/ricieri.ohashi/Desktop/FAC_Imas/C28_new/FPUfastRTS/V100/exampl
      10                      .dwattr $C$DW$CU, DW_AT_producer("TI TMS320C2000 C/C++ Codegen PC v6.4.6 Copyright (c) 1996-2015 Texa
      11                      .dwattr $C$DW$CU, DW_AT_TI_version(0x01)
      12                      .dwattr $C$DW$CU, DW_AT_comp_dir("C:\Users\ricieri.ohashi\Desktop\FAC_Imas\C28_new\FPUfastRTS\V100\ex
      13              
      14              $C$DW$1 .dwtag  DW_TAG_subprogram, DW_AT_name("cos")
      15                      .dwattr $C$DW$1, DW_AT_TI_symbol_name("_cos")
      16                      .dwattr $C$DW$1, DW_AT_type(*$C$DW$T$17)
      17                      .dwattr $C$DW$1, DW_AT_declaration
      18                      .dwattr $C$DW$1, DW_AT_external
      19              $C$DW$2 .dwtag  DW_TAG_formal_parameter
      20                      .dwattr $C$DW$2, DW_AT_type(*$C$DW$T$17)
      21                      .dwendtag $C$DW$1
      22              
      23              
      24              $C$DW$3 .dwtag  DW_TAG_subprogram, DW_AT_name("atan")
      25                      .dwattr $C$DW$3, DW_AT_TI_symbol_name("_atan")
      26                      .dwattr $C$DW$3, DW_AT_type(*$C$DW$T$17)
      27                      .dwattr $C$DW$3, DW_AT_declaration
      28                      .dwattr $C$DW$3, DW_AT_external
      29              $C$DW$4 .dwtag  DW_TAG_formal_parameter
      30                      .dwattr $C$DW$4, DW_AT_type(*$C$DW$T$17)
      31                      .dwendtag $C$DW$3
      32              
      33              
      34              $C$DW$5 .dwtag  DW_TAG_subprogram, DW_AT_name("sin")
      35                      .dwattr $C$DW$5, DW_AT_TI_symbol_name("_sin")
      36                      .dwattr $C$DW$5, DW_AT_type(*$C$DW$T$17)
      37                      .dwattr $C$DW$5, DW_AT_declaration
      38                      .dwattr $C$DW$5, DW_AT_external
      39              $C$DW$6 .dwtag  DW_TAG_formal_parameter
      40                      .dwattr $C$DW$6, DW_AT_type(*$C$DW$T$17)
      41                      .dwendtag $C$DW$5
      42              
      43              
      44              $C$DW$7 .dwtag  DW_TAG_subprogram, DW_AT_name("sqrt")
      45                      .dwattr $C$DW$7, DW_AT_TI_symbol_name("_sqrt")
      46                      .dwattr $C$DW$7, DW_AT_type(*$C$DW$T$17)
      47                      .dwattr $C$DW$7, DW_AT_declaration
      48                      .dwattr $C$DW$7, DW_AT_external
      49              $C$DW$8 .dwtag  DW_TAG_formal_parameter
      50                      .dwattr $C$DW$8, DW_AT_type(*$C$DW$T$17)
      51                      .dwendtag $C$DW$7
      52              
      53                      .global _Step
      54 00000000       _Step:  .usect  ".ebss",20,1,1
      55              $C$DW$9 .dwtag  DW_TAG_variable, DW_AT_name("Step")
TMS320C2000 Assembler PC v6.4.6 Thu Feb 11 10:11:22 2016

Tools Copyright (c) 1996-2015 Texas Instruments Incorporated
fastRTS_sample.asm                                                   PAGE    2

      56                      .dwattr $C$DW$9, DW_AT_TI_symbol_name("_Step")
      57                      .dwattr $C$DW$9, DW_AT_location[DW_OP_addr _Step]
      58                      .dwattr $C$DW$9, DW_AT_type(*$C$DW$T$22)
      59                      .dwattr $C$DW$9, DW_AT_external
      60                      .global _Dlog
      61 00000040       _Dlog:  .usect  ".ebss",640,1,1
      62              $C$DW$10        .dwtag  DW_TAG_variable, DW_AT_name("Dlog")
      63                      .dwattr $C$DW$10, DW_AT_TI_symbol_name("_Dlog")
      64                      .dwattr $C$DW$10, DW_AT_location[DW_OP_addr _Dlog]
      65                      .dwattr $C$DW$10, DW_AT_type(*$C$DW$T$21)
      66                      .dwattr $C$DW$10, DW_AT_external
      67              ;       C:\ti\ccsv6\tools\compiler\ti-cgt-c2000_6.4.6\bin\ac2000.exe -@C:\\Users\\RICIER~1.OHA\\AppData\\Loca
      68 00000000               .sect   ".text"
      69                      .clink
      70                      .global _main
      71              
      72              $C$DW$11        .dwtag  DW_TAG_subprogram, DW_AT_name("main")
      73                      .dwattr $C$DW$11, DW_AT_low_pc(_main)
      74                      .dwattr $C$DW$11, DW_AT_high_pc(0x00)
      75                      .dwattr $C$DW$11, DW_AT_TI_symbol_name("_main")
      76                      .dwattr $C$DW$11, DW_AT_external
      77                      .dwattr $C$DW$11, DW_AT_type(*$C$DW$T$10)
      78                      .dwattr $C$DW$11, DW_AT_TI_begin_file("C:/Users/ricieri.ohashi/Desktop/FAC_Imas/C28_new/FPUfastRTS/V1
      79                      .dwattr $C$DW$11, DW_AT_TI_begin_line(0x41)
      80                      .dwattr $C$DW$11, DW_AT_TI_begin_column(0x05)
      81                      .dwattr $C$DW$11, DW_AT_TI_max_frame_size(-16)
      82                      .dwpsn  file "C:/Users/ricieri.ohashi/Desktop/FAC_Imas/C28_new/FPUfastRTS/V100/examples_ccsv4/source/
      83              
      84                      .dwfde $C$DW$CIE, _main
      85              
      86              ;***************************************************************
      87              ;* FNAME: _main                         FR SIZE:  14           *
      88              ;*                                                             *
      89              ;* FUNCTION ENVIRONMENT                                        *
      90              ;*                                                             *
      91              ;* FUNCTION PROPERTIES                                         *
      92              ;*                            2 Parameter, 12 Auto,  0 SOE     *
      93              ;***************************************************************
      94              
      95 00000000       _main:
      96                      .dwcfi  cfa_offset, -2
      97                      .dwcfi  save_reg_to_mem, 26, 0
      98 00000000 FE0E          ADDB      SP,#14                ; [CPU_U] 
      99                      .dwcfi  cfa_offset, -16
     100              $C$DW$12        .dwtag  DW_TAG_variable, DW_AT_name("i")
     101                      .dwattr $C$DW$12, DW_AT_TI_symbol_name("_i")
     102                      .dwattr $C$DW$12, DW_AT_type(*$C$DW$T$11)
     103                      .dwattr $C$DW$12, DW_AT_location[DW_OP_breg20 -3]
     104              $C$DW$13        .dwtag  DW_TAG_variable, DW_AT_name("tempX")
     105                      .dwattr $C$DW$13, DW_AT_TI_symbol_name("_tempX")
     106                      .dwattr $C$DW$13, DW_AT_type(*$C$DW$T$16)
     107                      .dwattr $C$DW$13, DW_AT_location[DW_OP_breg20 -6]
     108              $C$DW$14        .dwtag  DW_TAG_variable, DW_AT_name("tempY")
     109                      .dwattr $C$DW$14, DW_AT_TI_symbol_name("_tempY")
     110                      .dwattr $C$DW$14, DW_AT_type(*$C$DW$T$16)
TMS320C2000 Assembler PC v6.4.6 Thu Feb 11 10:11:22 2016

Tools Copyright (c) 1996-2015 Texas Instruments Incorporated
fastRTS_sample.asm                                                   PAGE    3

     111                      .dwattr $C$DW$14, DW_AT_location[DW_OP_breg20 -8]
     112              $C$DW$15        .dwtag  DW_TAG_variable, DW_AT_name("tempM")
     113                      .dwattr $C$DW$15, DW_AT_TI_symbol_name("_tempM")
     114                      .dwattr $C$DW$15, DW_AT_type(*$C$DW$T$16)
     115                      .dwattr $C$DW$15, DW_AT_location[DW_OP_breg20 -10]
     116              $C$DW$16        .dwtag  DW_TAG_variable, DW_AT_name("tempMmax")
     117                      .dwattr $C$DW$16, DW_AT_TI_symbol_name("_tempMmax")
     118                      .dwattr $C$DW$16, DW_AT_type(*$C$DW$T$16)
     119                      .dwattr $C$DW$16, DW_AT_location[DW_OP_breg20 -12]
     120              $C$DW$17        .dwtag  DW_TAG_variable, DW_AT_name("WatchdogWDCR")
     121                      .dwattr $C$DW$17, DW_AT_TI_symbol_name("_WatchdogWDCR")
     122                      .dwattr $C$DW$17, DW_AT_type(*$C$DW$T$26)
     123                      .dwattr $C$DW$17, DW_AT_location[DW_OP_breg20 -14]
     124                      .dwpsn  file "C:/Users/ricieri.ohashi/Desktop/FAC_Imas/C28_new/FPUfastRTS/V100/examples_ccsv4/source/
     125 00000001 8F00          MOVL      XAR4,#28713           ; [CPU_U] |70| 
         00000002 7029 
     126 00000003 A84E          MOVL      *-SP[14],XAR4         ; [CPU_] |70| 
     127                      .dwpsn  file "C:/Users/ricieri.ohashi/Desktop/FAC_Imas/C28_new/FPUfastRTS/V100/examples_ccsv4/source/
     128 00000004 7622   EALLOW 
     129                      .dwpsn  file "C:/Users/ricieri.ohashi/Desktop/FAC_Imas/C28_new/FPUfastRTS/V100/examples_ccsv4/source/
     130 00000005 56BF          MOVB      *+XAR4[0],#104,UNC    ; [CPU_] |74| 
         00000006 68C4 
     131                      .dwpsn  file "C:/Users/ricieri.ohashi/Desktop/FAC_Imas/C28_new/FPUfastRTS/V100/examples_ccsv4/source/
     132 00000007 761A   EDIS 
     133                      .dwpsn  file "C:/Users/ricieri.ohashi/Desktop/FAC_Imas/C28_new/FPUfastRTS/V100/examples_ccsv4/source/
     134 00000008 E801          MOVIZ     R0H,#16032            ; [CPU_] |77| 
         00000009 F500 
     135 0000000a 761F-         MOVW      DP,#_Step             ; [CPU_U] 
         0000000b 0000 
     136 0000000c E80E          MOVXI     R0H,#55676            ; [CPU_] |77| 
         0000000d CBE0 
     137 0000000e E203-         MOV32     @_Step,R0H            ; [CPU_] |77| 
         0000000f 0000 
     138 00000010 E203          MOV32     *-SP[6],R0H           ; [CPU_] |77| 
         00000011 0046 
     139                      .dwpsn  file "C:/Users/ricieri.ohashi/Desktop/FAC_Imas/C28_new/FPUfastRTS/V100/examples_ccsv4/source/
     140 00000012 E801          MOVIZ     R0H,#16032            ; [CPU_] |80| 
         00000013 F500 
     141 00000014 E80E          MOVXI     R0H,#55676            ; [CPU_] |80| 
         00000015 CBE0 
     142 00000016 E203-         MOV32     @_Step+2,R0H          ; [CPU_] |80| 
         00000017 0002 
     143                      .dwpsn  file "C:/Users/ricieri.ohashi/Desktop/FAC_Imas/C28_new/FPUfastRTS/V100/examples_ccsv4/source/
     144 00000018 E590          ZERO      R0H                   ; [CPU_] |81| 
     145 00000019 E203-         MOV32     @_Step+4,R0H          ; [CPU_] |81| 
         0000001a 0004 
     146                      .dwpsn  file "C:/Users/ricieri.ohashi/Desktop/FAC_Imas/C28_new/FPUfastRTS/V100/examples_ccsv4/source/
     147 0000001b E203-         MOV32     @_Step+6,R0H          ; [CPU_] |82| 
         0000001c 0006 
     148                      .dwpsn  file "C:/Users/ricieri.ohashi/Desktop/FAC_Imas/C28_new/FPUfastRTS/V100/examples_ccsv4/source/
     149 0000001d 0604-         MOVL      ACC,@_Step+4          ; [CPU_] |83| 
     150 0000001e 1E08-         MOVL      @_Step+8,ACC          ; [CPU_] |83| 
     151                      .dwpsn  file "C:/Users/ricieri.ohashi/Desktop/FAC_Imas/C28_new/FPUfastRTS/V100/examples_ccsv4/source/
     152 0000001f 2B43          MOV       *-SP[3],#0            ; [CPU_] |86| 
     153                      .dwpsn  file "C:/Users/ricieri.ohashi/Desktop/FAC_Imas/C28_new/FPUfastRTS/V100/examples_ccsv4/source/
TMS320C2000 Assembler PC v6.4.6 Thu Feb 11 10:11:22 2016

Tools Copyright (c) 1996-2015 Texas Instruments Incorporated
fastRTS_sample.asm                                                   PAGE    4

     154 00000020 9243          MOV       AL,*-SP[3]            ; [CPU_] |86| 
     155 00000021 5240          CMPB      AL,#64                ; [CPU_] |86| 
     156 00000022 56C7          BF        $C$L2,HIS             ; [CPU_] |86| 
         00000023 0030 
     157                      ; branchcc occurs ; [] |86| 
     158 00000024 2901          CLRC      SXM                   ; [CPU_] 
     159 00000025 BE00          MOVB      XAR6,#0               ; [CPU_] |92| 
     160 00000026       $C$L1:    
     161                      .dwpsn  file "C:/Users/ricieri.ohashi/Desktop/FAC_Imas/C28_new/FPUfastRTS/V100/examples_ccsv4/source/
     162 00000026 5603          MOV       ACC,*-SP[3] << 1      ; [CPU_] |88| 
         00000027 0143 
     163 00000028 8F00-         MOVL      XAR4,#_Dlog           ; [CPU_U] |88| 
         00000029 0040 
     164 0000002a 5601          ADDL      XAR4,ACC              ; [CPU_] |88| 
         0000002b 00A4 
     165 0000002c E203          MOV32     *+XAR4[0],R0H         ; [CPU_] |88| 
         0000002d 00C4 
     166                      .dwpsn  file "C:/Users/ricieri.ohashi/Desktop/FAC_Imas/C28_new/FPUfastRTS/V100/examples_ccsv4/source/
     167 0000002e 5603          MOV       ACC,*-SP[3] << 1      ; [CPU_] |89| 
         0000002f 0143 
     168 00000030 8F00-         MOVL      XAR4,#_Dlog+128       ; [CPU_U] |89| 
         00000031 00C0 
     169 00000032 5601          ADDL      XAR4,ACC              ; [CPU_] |89| 
         00000033 00A4 
     170 00000034 E203          MOV32     *+XAR4[0],R0H         ; [CPU_] |89| 
         00000035 00C4 
     171                      .dwpsn  file "C:/Users/ricieri.ohashi/Desktop/FAC_Imas/C28_new/FPUfastRTS/V100/examples_ccsv4/source/
     172 00000036 5603          MOV       ACC,*-SP[3] << 1      ; [CPU_] |90| 
         00000037 0143 
     173 00000038 8F00-         MOVL      XAR4,#_Dlog+256       ; [CPU_U] |90| 
         00000039 0140 
     174 0000003a 5601          ADDL      XAR4,ACC              ; [CPU_] |90| 
         0000003b 00A4 
     175 0000003c E203          MOV32     *+XAR4[0],R0H         ; [CPU_] |90| 
         0000003d 00C4 
     176                      .dwpsn  file "C:/Users/ricieri.ohashi/Desktop/FAC_Imas/C28_new/FPUfastRTS/V100/examples_ccsv4/source/
     177 0000003e 5603          MOV       ACC,*-SP[3] << 1      ; [CPU_] |91| 
         0000003f 0143 
     178 00000040 8F00-         MOVL      XAR4,#_Dlog+512       ; [CPU_U] |91| 
         00000041 0240 
     179 00000042 5601          ADDL      XAR4,ACC              ; [CPU_] |91| 
         00000043 00A4 
     180 00000044 E203          MOV32     *+XAR4[0],R0H         ; [CPU_] |91| 
         00000045 00C4 
     181                      .dwpsn  file "C:/Users/ricieri.ohashi/Desktop/FAC_Imas/C28_new/FPUfastRTS/V100/examples_ccsv4/source/
     182 00000046 8F00-         MOVL      XAR4,#_Dlog+384       ; [CPU_U] |92| 
         00000047 01C0 
     183 00000048 5603          MOV       ACC,*-SP[3] << 1      ; [CPU_] |92| 
         00000049 0143 
     184 0000004a 5601          ADDL      XAR4,ACC              ; [CPU_] |92| 
         0000004b 00A4 
     185 0000004c C2C4          MOVL      *+XAR4[0],XAR6        ; [CPU_] |92| 
     186                      .dwpsn  file "C:/Users/ricieri.ohashi/Desktop/FAC_Imas/C28_new/FPUfastRTS/V100/examples_ccsv4/source/
     187 0000004d 0A43          INC       *-SP[3]               ; [CPU_] |86| 
     188                      .dwpsn  file "C:/Users/ricieri.ohashi/Desktop/FAC_Imas/C28_new/FPUfastRTS/V100/examples_ccsv4/source/
TMS320C2000 Assembler PC v6.4.6 Thu Feb 11 10:11:22 2016

Tools Copyright (c) 1996-2015 Texas Instruments Incorporated
fastRTS_sample.asm                                                   PAGE    5

     189 0000004e 9243          MOV       AL,*-SP[3]            ; [CPU_] |86| 
     190 0000004f 5240          CMPB      AL,#64                ; [CPU_] |86| 
     191 00000050 56C8          BF        $C$L1,LO              ; [CPU_] |86| 
         00000051 FFD6 
     192                      ; branchcc occurs ; [] |86| 
     193 00000052       $C$L2:    
     194                      .dwpsn  file "C:/Users/ricieri.ohashi/Desktop/FAC_Imas/C28_new/FPUfastRTS/V100/examples_ccsv4/source/
     195 00000052 E801          MOVIZ     R0H,#16320            ; [CPU_] |95| 
         00000053 FE00 
     196 00000054 761F-         MOVW      DP,#_Step+12          ; [CPU_U] 
         00000055 0000 
     197 00000056 E203-         MOV32     @_Step+12,R0H         ; [CPU_] |95| 
         00000057 000C 
     198                      .dwpsn  file "C:/Users/ricieri.ohashi/Desktop/FAC_Imas/C28_new/FPUfastRTS/V100/examples_ccsv4/source/
     199 00000058 E801          MOVIZ     R0H,#16128            ; [CPU_] |96| 
         00000059 F800 
     200 0000005a E203-         MOV32     @_Step+16,R0H         ; [CPU_] |96| 
         0000005b 0010 
     201                      .dwpsn  file "C:/Users/ricieri.ohashi/Desktop/FAC_Imas/C28_new/FPUfastRTS/V100/examples_ccsv4/source/
     202 0000005c E802          MOVIZ     R0H,#16416            ; [CPU_] |97| 
         0000005d 0100 
     203 0000005e E203-         MOV32     @_Step+14,R0H         ; [CPU_] |97| 
         0000005f 000E 
     204                      .dwpsn  file "C:/Users/ricieri.ohashi/Desktop/FAC_Imas/C28_new/FPUfastRTS/V100/examples_ccsv4/source/
     205 00000060 E801          MOVIZ     R0H,#16256            ; [CPU_] |98| 
         00000061 FC00 
     206 00000062 E203-         MOV32     @_Step+18,R0H         ; [CPU_] |98| 
         00000063 0012 
     207                      .dwpsn  file "C:/Users/ricieri.ohashi/Desktop/FAC_Imas/C28_new/FPUfastRTS/V100/examples_ccsv4/source/
     208 00000064 E2AF-         MOV32     R1H,@_Step+12         ; [CPU_] |101| 
         00000065 010C 
     209 00000066 E2AF-         MOV32     R2H,@_Step+14         ; [CPU_] |101| 
         00000067 020E 
     210 00000068 E2AF-         MOV32     R0H,@_Step+12         ; [CPU_] |101| 
         00000069 000C 
     211              
     212 0000006a E300-         MPYF32    R0H,R1H,R0H           ; [CPU_] |101| 
         0000006b 430E 
     213              ||      MOV32     R3H,@_Step+14         ; [CPU_] |101| 
     214              
     215 0000006c E700          MPYF32    R1H,R3H,R2H           ; [CPU_] |101| 
         0000006d 0099 
     216 0000006e FF69          SPM       #0                    ; [CPU_] 
     217 0000006f E710          ADDF32    R0H,R0H,R1H           ; [CPU_] |101| 
         00000070 0040 
     218              $C$DW$18        .dwtag  DW_TAG_TI_branch
     219                      .dwattr $C$DW$18, DW_AT_low_pc(0x00)
     220                      .dwattr $C$DW$18, DW_AT_name("_sqrt")
     221                      .dwattr $C$DW$18, DW_AT_TI_call
     222 00000071 7640!         LCR       #_sqrt                ; [CPU_] |101| 
         00000072 0000 
     223                      ; call occurs [#_sqrt] ; [] |101| 
     224 00000073 E203          MOV32     *-SP[12],R0H          ; [CPU_] |101| 
         00000074 004C 
     225                      .dwpsn  file "C:/Users/ricieri.ohashi/Desktop/FAC_Imas/C28_new/FPUfastRTS/V100/examples_ccsv4/source/
TMS320C2000 Assembler PC v6.4.6 Thu Feb 11 10:11:22 2016

Tools Copyright (c) 1996-2015 Texas Instruments Incorporated
fastRTS_sample.asm                                                   PAGE    6

     226 00000075 2B43          MOV       *-SP[3],#0            ; [CPU_] |103| 
     227                      .dwpsn  file "C:/Users/ricieri.ohashi/Desktop/FAC_Imas/C28_new/FPUfastRTS/V100/examples_ccsv4/source/
     228 00000076 9243          MOV       AL,*-SP[3]            ; [CPU_] |103| 
     229 00000077 5240          CMPB      AL,#64                ; [CPU_] |103| 
     230 00000078 56C7          BF        $C$L6,HIS             ; [CPU_] |103| 
         00000079 0096 
     231                      ; branchcc occurs ; [] |103| 
     232 0000007a       $C$L3:    
     233                      .dwpsn  file "C:/Users/ricieri.ohashi/Desktop/FAC_Imas/C28_new/FPUfastRTS/V100/examples_ccsv4/source/
     234 0000007a 761F-         MOVW      DP,#_Step+6           ; [CPU_U] 
         0000007b 0000 
     235 0000007c E2AF-         MOV32     R0H,@_Step+6          ; [CPU_] |108| 
         0000007d 0006 
     236              $C$DW$19        .dwtag  DW_TAG_TI_branch
     237                      .dwattr $C$DW$19, DW_AT_low_pc(0x00)
     238                      .dwattr $C$DW$19, DW_AT_name("_sin")
     239                      .dwattr $C$DW$19, DW_AT_TI_call
     240 0000007e 7640!         LCR       #_sin                 ; [CPU_] |108| 
         0000007f 0000 
     241                      ; call occurs [#_sin] ; [] |108| 
     242 00000080 761F-         MOVW      DP,#_Step+12          ; [CPU_U] 
         00000081 0000 
     243 00000082 2901          CLRC      SXM                   ; [CPU_] 
     244 00000083 8F00-         MOVL      XAR4,#_Dlog           ; [CPU_U] |108| 
         00000084 0040 
     245 00000085 E2AF-         MOV32     R1H,@_Step+12         ; [CPU_] |108| 
         00000086 010C 
     246 00000087 5603          MOV       ACC,*-SP[3] << 1      ; [CPU_] |108| 
         00000088 0143 
     247 00000089 E700          MPYF32    R0H,R1H,R0H           ; [CPU_] |108| 
         0000008a 0008 
     248 0000008b 5601          ADDL      XAR4,ACC              ; [CPU_] |108| 
         0000008c 00A4 
     249 0000008d E203          MOV32     *-SP[6],R0H           ; [CPU_] |108| 
         0000008e 0046 
     250 0000008f E203          MOV32     *+XAR4[0],R0H         ; [CPU_] |108| 
         00000090 00C4 
     251                      .dwpsn  file "C:/Users/ricieri.ohashi/Desktop/FAC_Imas/C28_new/FPUfastRTS/V100/examples_ccsv4/source/
     252 00000091 E2AF-         MOV32     R0H,@_Step+8          ; [CPU_] |109| 
         00000092 0008 
     253              $C$DW$20        .dwtag  DW_TAG_TI_branch
     254                      .dwattr $C$DW$20, DW_AT_low_pc(0x00)
     255                      .dwattr $C$DW$20, DW_AT_name("_cos")
     256                      .dwattr $C$DW$20, DW_AT_TI_call
     257 00000093 7640!         LCR       #_cos                 ; [CPU_] |109| 
         00000094 0000 
     258                      ; call occurs [#_cos] ; [] |109| 
     259 00000095 761F-         MOVW      DP,#_Step+14          ; [CPU_U] 
         00000096 0000 
     260 00000097 2901          CLRC      SXM                   ; [CPU_] 
     261 00000098 8F00-         MOVL      XAR4,#_Dlog+128       ; [CPU_U] |109| 
         00000099 00C0 
     262 0000009a E2AF-         MOV32     R1H,@_Step+14         ; [CPU_] |109| 
         0000009b 010E 
     263 0000009c 5603          MOV       ACC,*-SP[3] << 1      ; [CPU_] |109| 
TMS320C2000 Assembler PC v6.4.6 Thu Feb 11 10:11:22 2016

Tools Copyright (c) 1996-2015 Texas Instruments Incorporated
fastRTS_sample.asm                                                   PAGE    7

         0000009d 0143 
     264 0000009e E700          MPYF32    R0H,R1H,R0H           ; [CPU_] |109| 
         0000009f 0008 
     265 000000a0 5601          ADDL      XAR4,ACC              ; [CPU_] |109| 
         000000a1 00A4 
     266 000000a2 E203          MOV32     *-SP[8],R0H           ; [CPU_] |109| 
         000000a3 0048 
     267 000000a4 E203          MOV32     *+XAR4[0],R0H         ; [CPU_] |109| 
         000000a5 00C4 
     268                      .dwpsn  file "C:/Users/ricieri.ohashi/Desktop/FAC_Imas/C28_new/FPUfastRTS/V100/examples_ccsv4/source/
     269 000000a6 E2AF          MOV32     R1H,*-SP[6]           ; [CPU_] |115| 
         000000a7 0146 
     270 000000a8 E2AF          MOV32     R0H,*-SP[6]           ; [CPU_] |115| 
         000000a9 0046 
     271 000000aa E700          MPYF32    R0H,R1H,R0H           ; [CPU_] |115| 
         000000ab 0008 
     272 000000ac E2AF          MOV32     R3H,*-SP[8]           ; [CPU_] |115| 
         000000ad 0348 
     273 000000ae E700          MPYF32    R0H,R3H,R0H           ; [CPU_] |115| 
         000000af 0018 
     274 000000b0 E2AF          MOV32     R1H,*-SP[8]           ; [CPU_] |115| 
         000000b1 0148 
     275 000000b2 E700          MPYF32    R0H,R1H,R0H           ; [CPU_] |115| 
         000000b3 0008 
     276              $C$DW$21        .dwtag  DW_TAG_TI_branch
     277                      .dwattr $C$DW$21, DW_AT_low_pc(0x00)
     278                      .dwattr $C$DW$21, DW_AT_name("_sqrt")
     279                      .dwattr $C$DW$21, DW_AT_TI_call
     280 000000b4 7640!         LCR       #_sqrt                ; [CPU_] |115| 
         000000b5 0000 
     281                      ; call occurs [#_sqrt] ; [] |115| 
     282 000000b6 E203          MOV32     *-SP[10],R0H          ; [CPU_] |115| 
         000000b7 004A 
     283                      .dwpsn  file "C:/Users/ricieri.ohashi/Desktop/FAC_Imas/C28_new/FPUfastRTS/V100/examples_ccsv4/source/
     284 000000b8 E2AF          MOV32     R1H,*-SP[12]          ; [CPU_] |116| 
         000000b9 014C 
     285              $C$DW$22        .dwtag  DW_TAG_TI_branch
     286                      .dwattr $C$DW$22, DW_AT_low_pc(0x00)
     287                      .dwattr $C$DW$22, DW_AT_name("FS$$DIV")
     288                      .dwattr $C$DW$22, DW_AT_TI_call
     289 000000ba 7640!         LCR       #FS$$DIV              ; [CPU_] |116| 
         000000bb 0000 
     290                      ; call occurs [#FS$$DIV] ; [] |116| 
     291 000000bc 2901          CLRC      SXM                   ; [CPU_] 
     292 000000bd 8F00-         MOVL      XAR4,#_Dlog+512       ; [CPU_U] |116| 
         000000be 0240 
     293 000000bf 5603          MOV       ACC,*-SP[3] << 1      ; [CPU_] |116| 
         000000c0 0143 
     294 000000c1 5601          ADDL      XAR4,ACC              ; [CPU_] |116| 
         000000c2 00A4 
     295 000000c3 E203          MOV32     *+XAR4[0],R0H         ; [CPU_] |116| 
         000000c4 00C4 
     296                      .dwpsn  file "C:/Users/ricieri.ohashi/Desktop/FAC_Imas/C28_new/FPUfastRTS/V100/examples_ccsv4/source/
     297 000000c5 761F-         MOVW      DP,#_Step             ; [CPU_U] 
         000000c6 0000 
TMS320C2000 Assembler PC v6.4.6 Thu Feb 11 10:11:22 2016

Tools Copyright (c) 1996-2015 Texas Instruments Incorporated
fastRTS_sample.asm                                                   PAGE    8

     298 000000c7 E2AF-         MOV32     R1H,@_Step            ; [CPU_] |120| 
         000000c8 0100 
     299 000000c9 E2AF-         MOV32     R2H,@_Step+16         ; [CPU_] |120| 
         000000ca 0210 
     300 000000cb E700          MPYF32    R1H,R2H,R1H           ; [CPU_] |120| 
         000000cc 0051 
     301 000000cd E2AF-         MOV32     R0H,@_Step+6          ; [CPU_] |120| 
         000000ce 0006 
     302 000000cf E710          ADDF32    R0H,R0H,R1H           ; [CPU_] |120| 
         000000d0 0040 
     303 000000d1 7700          NOP       ; [CPU_] 
     304 000000d2 E203-         MOV32     @_Step+6,R0H          ; [CPU_] |120| 
         000000d3 0006 
     305                      .dwpsn  file "C:/Users/ricieri.ohashi/Desktop/FAC_Imas/C28_new/FPUfastRTS/V100/examples_ccsv4/source/
     306 000000d4 E802          MOVIZ     R0H,#16585            ; [CPU_] |121| 
         000000d5 0648 
     307 000000d6 E808          MOVXI     R0H,#4059             ; [CPU_] |121| 
         000000d7 7ED8 
     308 000000d8 E2AF-         MOV32     R1H,@_Step+6          ; [CPU_] |121| 
         000000d9 0106 
     309 000000da E694          CMPF32    R1H,R0H               ; [CPU_] |121| 
         000000db 0001 
     310 000000dc AD14          MOVST0    ZF, NF                ; [CPU_] |121| 
     311 000000dd 56C5          BF        $C$L4,LEQ             ; [CPU_] |121| 
         000000de 000B 
     312                      ; branchcc occurs ; [] |121| 
     313                      .dwpsn  file "C:/Users/ricieri.ohashi/Desktop/FAC_Imas/C28_new/FPUfastRTS/V100/examples_ccsv4/source/
     314 000000df E802          MOVIZ     R0H,#16585            ; [CPU_] |123| 
         000000e0 0648 
     315 000000e1 E808          MOVXI     R0H,#4059             ; [CPU_] |123| 
         000000e2 7ED8 
     316 000000e3 E720          SUBF32    R0H,R1H,R0H           ; [CPU_] |123| 
         000000e4 0008 
     317 000000e5 7700          NOP       ; [CPU_] 
     318 000000e6 E203-         MOV32     @_Step+6,R0H          ; [CPU_] |123| 
         000000e7 0006 
     319 000000e8       $C$L4:    
     320                      .dwpsn  file "C:/Users/ricieri.ohashi/Desktop/FAC_Imas/C28_new/FPUfastRTS/V100/examples_ccsv4/source/
     321 000000e8 E2AF-         MOV32     R0H,@_Step+2          ; [CPU_] |126| 
         000000e9 0002 
     322 000000ea E2AF-         MOV32     R1H,@_Step+18         ; [CPU_] |126| 
         000000eb 0112 
     323 000000ec E700          MPYF32    R1H,R1H,R0H           ; [CPU_] |126| 
         000000ed 0009 
     324 000000ee E2AF-         MOV32     R3H,@_Step+8          ; [CPU_] |126| 
         000000ef 0308 
     325 000000f0 E710          ADDF32    R0H,R1H,R3H           ; [CPU_] |126| 
         000000f1 00C8 
     326 000000f2 7700          NOP       ; [CPU_] 
     327 000000f3 E203-         MOV32     @_Step+8,R0H          ; [CPU_] |126| 
         000000f4 0008 
     328                      .dwpsn  file "C:/Users/ricieri.ohashi/Desktop/FAC_Imas/C28_new/FPUfastRTS/V100/examples_ccsv4/source/
     329 000000f5 E802          MOVIZ     R0H,#16585            ; [CPU_] |127| 
         000000f6 0648 
     330 000000f7 E2AF-         MOV32     R1H,@_Step+8          ; [CPU_] |127| 
TMS320C2000 Assembler PC v6.4.6 Thu Feb 11 10:11:22 2016

Tools Copyright (c) 1996-2015 Texas Instruments Incorporated
fastRTS_sample.asm                                                   PAGE    9

         000000f8 0108 
     331 000000f9 E808          MOVXI     R0H,#4059             ; [CPU_] |127| 
         000000fa 7ED8 
     332 000000fb E694          CMPF32    R1H,R0H               ; [CPU_] |127| 
         000000fc 0001 
     333 000000fd AD14          MOVST0    ZF, NF                ; [CPU_] |127| 
     334 000000fe 56C5          BF        $C$L5,LEQ             ; [CPU_] |127| 
         000000ff 000B 
     335                      ; branchcc occurs ; [] |127| 
     336                      .dwpsn  file "C:/Users/ricieri.ohashi/Desktop/FAC_Imas/C28_new/FPUfastRTS/V100/examples_ccsv4/source/
     337 00000100 E802          MOVIZ     R0H,#16585            ; [CPU_] |129| 
         00000101 0648 
     338 00000102 E808          MOVXI     R0H,#4059             ; [CPU_] |129| 
         00000103 7ED8 
     339 00000104 E720          SUBF32    R0H,R1H,R0H           ; [CPU_] |129| 
         00000105 0008 
     340 00000106 7700          NOP       ; [CPU_] 
     341 00000107 E203-         MOV32     @_Step+8,R0H          ; [CPU_] |129| 
         00000108 0008 
     342 00000109       $C$L5:    
     343                      .dwpsn  file "C:/Users/ricieri.ohashi/Desktop/FAC_Imas/C28_new/FPUfastRTS/V100/examples_ccsv4/source/
     344 00000109 0A43          INC       *-SP[3]               ; [CPU_] |103| 
     345                      .dwpsn  file "C:/Users/ricieri.ohashi/Desktop/FAC_Imas/C28_new/FPUfastRTS/V100/examples_ccsv4/source/
     346 0000010a 9243          MOV       AL,*-SP[3]            ; [CPU_] |103| 
     347 0000010b 5240          CMPB      AL,#64                ; [CPU_] |103| 
     348 0000010c 56C8          BF        $C$L3,LO              ; [CPU_] |103| 
         0000010d FF6E 
     349                      ; branchcc occurs ; [] |103| 
     350 0000010e       $C$L6:    
     351                      .dwpsn  file "C:/Users/ricieri.ohashi/Desktop/FAC_Imas/C28_new/FPUfastRTS/V100/examples_ccsv4/source/
     352 0000010e E806          MOVIZ     R0H,#49440            ; [CPU_] |137| 
         0000010f 0900 
     353 00000110 761F-         MOVW      DP,#_Step+10          ; [CPU_U] 
         00000111 0000 
     354 00000112 E203-         MOV32     @_Step+10,R0H         ; [CPU_] |137| 
         00000113 000A 
     355                      .dwpsn  file "C:/Users/ricieri.ohashi/Desktop/FAC_Imas/C28_new/FPUfastRTS/V100/examples_ccsv4/source/
     356 00000114 2B43          MOV       *-SP[3],#0            ; [CPU_] |138| 
     357                      .dwpsn  file "C:/Users/ricieri.ohashi/Desktop/FAC_Imas/C28_new/FPUfastRTS/V100/examples_ccsv4/source/
     358 00000115 9243          MOV       AL,*-SP[3]            ; [CPU_] |138| 
     359 00000116 5240          CMPB      AL,#64                ; [CPU_] |138| 
     360 00000117 56C7          BF        $C$L8,HIS             ; [CPU_] |138| 
         00000118 001B 
     361                      ; branchcc occurs ; [] |138| 
     362 00000119       $C$L7:    
     363                      .dwpsn  file "C:/Users/ricieri.ohashi/Desktop/FAC_Imas/C28_new/FPUfastRTS/V100/examples_ccsv4/source/
     364              $C$DW$23        .dwtag  DW_TAG_TI_branch
     365                      .dwattr $C$DW$23, DW_AT_low_pc(0x00)
     366                      .dwattr $C$DW$23, DW_AT_name("_atan")
     367                      .dwattr $C$DW$23, DW_AT_TI_call
     368 00000119 7640!         LCR       #_atan                ; [CPU_] |140| 
         0000011a 0000 
     369                      ; call occurs [#_atan] ; [] |140| 
     370 0000011b 2901          CLRC      SXM                   ; [CPU_] 
     371 0000011c 8F00-         MOVL      XAR4,#_Dlog+256       ; [CPU_U] |140| 
TMS320C2000 Assembler PC v6.4.6 Thu Feb 11 10:11:22 2016

Tools Copyright (c) 1996-2015 Texas Instruments Incorporated
fastRTS_sample.asm                                                   PAGE   10

         0000011d 0140 
     372 0000011e 5603          MOV       ACC,*-SP[3] << 1      ; [CPU_] |140| 
         0000011f 0143 
     373 00000120 5601          ADDL      XAR4,ACC              ; [CPU_] |140| 
         00000121 00A4 
     374 00000122 E203          MOV32     *+XAR4[0],R0H         ; [CPU_] |140| 
         00000123 00C4 
     375                      .dwpsn  file "C:/Users/ricieri.ohashi/Desktop/FAC_Imas/C28_new/FPUfastRTS/V100/examples_ccsv4/source/
     376 00000124 761F-         MOVW      DP,#_Step+10          ; [CPU_U] 
         00000125 0000 
     377 00000126 E2AF-         MOV32     R0H,@_Step+10         ; [CPU_] |141| 
         00000127 000A 
     378 00000128 E88F          ADDF32    R0H,R0H,#16032        ; [CPU_] |141| 
         00000129 A800 
     379 0000012a 7700          NOP       ; [CPU_] 
     380 0000012b E203-         MOV32     @_Step+10,R0H         ; [CPU_] |141| 
         0000012c 000A 
     381                      .dwpsn  file "C:/Users/ricieri.ohashi/Desktop/FAC_Imas/C28_new/FPUfastRTS/V100/examples_ccsv4/source/
     382 0000012d 0A43          INC       *-SP[3]               ; [CPU_] |138| 
     383                      .dwpsn  file "C:/Users/ricieri.ohashi/Desktop/FAC_Imas/C28_new/FPUfastRTS/V100/examples_ccsv4/source/
     384 0000012e 9243          MOV       AL,*-SP[3]            ; [CPU_] |138| 
     385 0000012f 5240          CMPB      AL,#64                ; [CPU_] |138| 
     386 00000130 56C8          BF        $C$L7,LO              ; [CPU_] |138| 
         00000131 FFE9 
     387                      ; branchcc occurs ; [] |138| 
     388 00000132       $C$L8:    
     389                      .dwpsn  file "C:/Users/ricieri.ohashi/Desktop/FAC_Imas/C28_new/FPUfastRTS/V100/examples_ccsv4/source/
     390              $C$DW$24        .dwtag  DW_TAG_TI_branch
     391                      .dwattr $C$DW$24, DW_AT_low_pc(0x00)
     392                      .dwattr $C$DW$24, DW_AT_name("_done")
     393                      .dwattr $C$DW$24, DW_AT_TI_call
     394 00000132 7640'         LCR       #_done                ; [CPU_] |145| 
         00000133 0137 
     395                      ; call occurs [#_done] ; [] |145| 
     396                      .dwpsn  file "C:/Users/ricieri.ohashi/Desktop/FAC_Imas/C28_new/FPUfastRTS/V100/examples_ccsv4/source/
     397 00000134 9A00          MOVB      AL,#0                 ; [CPU_] |146| 
     398 00000135 FE8E          SUBB      SP,#14                ; [CPU_U] 
     399                      .dwcfi  cfa_offset, -2
     400              $C$DW$25        .dwtag  DW_TAG_TI_branch
     401                      .dwattr $C$DW$25, DW_AT_low_pc(0x00)
     402                      .dwattr $C$DW$25, DW_AT_TI_return
     403 00000136 0006          LRETR     ; [CPU_] 
     404                      ; return occurs ; [] 
     405                      .dwattr $C$DW$11, DW_AT_TI_end_file("C:/Users/ricieri.ohashi/Desktop/FAC_Imas/C28_new/FPUfastRTS/V100
     406                      .dwattr $C$DW$11, DW_AT_TI_end_line(0x92)
     407                      .dwattr $C$DW$11, DW_AT_TI_end_column(0x01)
     408                      .dwendentry
     409                      .dwendtag $C$DW$11
     410              
     411 00000137               .sect   ".text"
     412                      .clink
     413                      .global _done
     414              
     415              $C$DW$26        .dwtag  DW_TAG_subprogram, DW_AT_name("done")
     416                      .dwattr $C$DW$26, DW_AT_low_pc(_done)
TMS320C2000 Assembler PC v6.4.6 Thu Feb 11 10:11:22 2016

Tools Copyright (c) 1996-2015 Texas Instruments Incorporated
fastRTS_sample.asm                                                   PAGE   11

     417                      .dwattr $C$DW$26, DW_AT_high_pc(0x00)
     418                      .dwattr $C$DW$26, DW_AT_TI_symbol_name("_done")
     419                      .dwattr $C$DW$26, DW_AT_external
     420                      .dwattr $C$DW$26, DW_AT_TI_begin_file("C:/Users/ricieri.ohashi/Desktop/FAC_Imas/C28_new/FPUfastRTS/V1
     421                      .dwattr $C$DW$26, DW_AT_TI_begin_line(0x94)
     422                      .dwattr $C$DW$26, DW_AT_TI_begin_column(0x06)
     423                      .dwattr $C$DW$26, DW_AT_TI_max_frame_size(-2)
     424                      .dwpsn  file "C:/Users/ricieri.ohashi/Desktop/FAC_Imas/C28_new/FPUfastRTS/V100/examples_ccsv4/source/
     425              
     426                      .dwfde $C$DW$CIE, _done
     427              
     428              ;***************************************************************
     429              ;* FNAME: _done                         FR SIZE:   0           *
     430              ;*                                                             *
     431              ;* FUNCTION ENVIRONMENT                                        *
     432              ;*                                                             *
     433              ;* FUNCTION PROPERTIES                                         *
     434              ;*                            0 Parameter,  0 Auto,  0 SOE     *
     435              ;***************************************************************
     436              
     437 00000137       _done:
     438                      .dwcfi  cfa_offset, -2
     439                      .dwcfi  save_reg_to_mem, 26, 0
     440                      .dwpsn  file "C:/Users/ricieri.ohashi/Desktop/FAC_Imas/C28_new/FPUfastRTS/V100/examples_ccsv4/source/
     441 00000137 7625     ESTOP0
     442                      .dwpsn  file "C:/Users/ricieri.ohashi/Desktop/FAC_Imas/C28_new/FPUfastRTS/V100/examples_ccsv4/source/
     443 00000138 FF69          SPM       #0                    ; [CPU_] 
     444              $C$DW$27        .dwtag  DW_TAG_TI_branch
     445                      .dwattr $C$DW$27, DW_AT_low_pc(0x00)
     446                      .dwattr $C$DW$27, DW_AT_TI_return
     447 00000139 0006          LRETR     ; [CPU_] 
     448                      ; return occurs ; [] 
     449                      .dwattr $C$DW$26, DW_AT_TI_end_file("C:/Users/ricieri.ohashi/Desktop/FAC_Imas/C28_new/FPUfastRTS/V100
     450                      .dwattr $C$DW$26, DW_AT_TI_end_line(0x97)
     451                      .dwattr $C$DW$26, DW_AT_TI_end_column(0x01)
     452                      .dwendentry
     453                      .dwendtag $C$DW$26
     454              
     455              ;**************************************************************
     456              ;* UNDEFINED EXTERNAL REFERENCES                              *
     457              ;**************************************************************
     458                      .global _cos
     459                      .global _atan
     460                      .global _sin
     461                      .global _sqrt
     462                      .global FS$$DIV
     463              
     464              ;***************************************************************
     465              ;* TYPE INFORMATION                                            *
     466              ;***************************************************************
     467              
     468              $C$DW$T$21      .dwtag  DW_TAG_structure_type
     469                      .dwattr $C$DW$T$21, DW_AT_name("DATA_LOG_C")
     470                      .dwattr $C$DW$T$21, DW_AT_byte_size(0x280)
     471              $C$DW$28        .dwtag  DW_TAG_member
TMS320C2000 Assembler PC v6.4.6 Thu Feb 11 10:11:22 2016

Tools Copyright (c) 1996-2015 Texas Instruments Incorporated
fastRTS_sample.asm                                                   PAGE   12

     472                      .dwattr $C$DW$28, DW_AT_type(*$C$DW$T$19)
     473                      .dwattr $C$DW$28, DW_AT_name("SINwaveform")
     474                      .dwattr $C$DW$28, DW_AT_TI_symbol_name("_SINwaveform")
     475                      .dwattr $C$DW$28, DW_AT_data_member_location[DW_OP_plus_uconst 0x0]
     476                      .dwattr $C$DW$28, DW_AT_accessibility(DW_ACCESS_public)
     477              $C$DW$29        .dwtag  DW_TAG_member
     478                      .dwattr $C$DW$29, DW_AT_type(*$C$DW$T$19)
     479                      .dwattr $C$DW$29, DW_AT_name("COSwaveform")
     480                      .dwattr $C$DW$29, DW_AT_TI_symbol_name("_COSwaveform")
     481                      .dwattr $C$DW$29, DW_AT_data_member_location[DW_OP_plus_uconst 0x80]
     482                      .dwattr $C$DW$29, DW_AT_accessibility(DW_ACCESS_public)
     483              $C$DW$30        .dwtag  DW_TAG_member
     484                      .dwattr $C$DW$30, DW_AT_type(*$C$DW$T$19)
     485                      .dwattr $C$DW$30, DW_AT_name("ATANwaveform")
     486                      .dwattr $C$DW$30, DW_AT_TI_symbol_name("_ATANwaveform")
     487                      .dwattr $C$DW$30, DW_AT_data_member_location[DW_OP_plus_uconst 0x100]
     488                      .dwattr $C$DW$30, DW_AT_accessibility(DW_ACCESS_public)
     489              $C$DW$31        .dwtag  DW_TAG_member
     490                      .dwattr $C$DW$31, DW_AT_type(*$C$DW$T$20)
     491                      .dwattr $C$DW$31, DW_AT_name("Phase")
     492                      .dwattr $C$DW$31, DW_AT_TI_symbol_name("_Phase")
     493                      .dwattr $C$DW$31, DW_AT_data_member_location[DW_OP_plus_uconst 0x180]
     494                      .dwattr $C$DW$31, DW_AT_accessibility(DW_ACCESS_public)
     495              $C$DW$32        .dwtag  DW_TAG_member
     496                      .dwattr $C$DW$32, DW_AT_type(*$C$DW$T$19)
     497                      .dwattr $C$DW$32, DW_AT_name("Mag")
     498                      .dwattr $C$DW$32, DW_AT_TI_symbol_name("_Mag")
     499                      .dwattr $C$DW$32, DW_AT_data_member_location[DW_OP_plus_uconst 0x200]
     500                      .dwattr $C$DW$32, DW_AT_accessibility(DW_ACCESS_public)
     501                      .dwendtag $C$DW$T$21
     502              
     503              
     504              $C$DW$T$22      .dwtag  DW_TAG_structure_type
     505                      .dwattr $C$DW$T$22, DW_AT_name("STEP")
     506                      .dwattr $C$DW$T$22, DW_AT_byte_size(0x14)
     507              $C$DW$33        .dwtag  DW_TAG_member
     508                      .dwattr $C$DW$33, DW_AT_type(*$C$DW$T$16)
     509                      .dwattr $C$DW$33, DW_AT_name("Xsize")
     510                      .dwattr $C$DW$33, DW_AT_TI_symbol_name("_Xsize")
     511                      .dwattr $C$DW$33, DW_AT_data_member_location[DW_OP_plus_uconst 0x0]
     512                      .dwattr $C$DW$33, DW_AT_accessibility(DW_ACCESS_public)
     513              $C$DW$34        .dwtag  DW_TAG_member
     514                      .dwattr $C$DW$34, DW_AT_type(*$C$DW$T$16)
     515                      .dwattr $C$DW$34, DW_AT_name("Ysize")
     516                      .dwattr $C$DW$34, DW_AT_TI_symbol_name("_Ysize")
     517                      .dwattr $C$DW$34, DW_AT_data_member_location[DW_OP_plus_uconst 0x2]
     518                      .dwattr $C$DW$34, DW_AT_accessibility(DW_ACCESS_public)
     519              $C$DW$35        .dwtag  DW_TAG_member
     520                      .dwattr $C$DW$35, DW_AT_type(*$C$DW$T$16)
     521                      .dwattr $C$DW$35, DW_AT_name("Yoffset")
     522                      .dwattr $C$DW$35, DW_AT_TI_symbol_name("_Yoffset")
     523                      .dwattr $C$DW$35, DW_AT_data_member_location[DW_OP_plus_uconst 0x4]
     524                      .dwattr $C$DW$35, DW_AT_accessibility(DW_ACCESS_public)
     525              $C$DW$36        .dwtag  DW_TAG_member
     526                      .dwattr $C$DW$36, DW_AT_type(*$C$DW$T$16)
TMS320C2000 Assembler PC v6.4.6 Thu Feb 11 10:11:22 2016

Tools Copyright (c) 1996-2015 Texas Instruments Incorporated
fastRTS_sample.asm                                                   PAGE   13

     527                      .dwattr $C$DW$36, DW_AT_name("X")
     528                      .dwattr $C$DW$36, DW_AT_TI_symbol_name("_X")
     529                      .dwattr $C$DW$36, DW_AT_data_member_location[DW_OP_plus_uconst 0x6]
     530                      .dwattr $C$DW$36, DW_AT_accessibility(DW_ACCESS_public)
     531              $C$DW$37        .dwtag  DW_TAG_member
     532                      .dwattr $C$DW$37, DW_AT_type(*$C$DW$T$16)
     533                      .dwattr $C$DW$37, DW_AT_name("Y")
     534                      .dwattr $C$DW$37, DW_AT_TI_symbol_name("_Y")
     535                      .dwattr $C$DW$37, DW_AT_data_member_location[DW_OP_plus_uconst 0x8]
     536                      .dwattr $C$DW$37, DW_AT_accessibility(DW_ACCESS_public)
     537              $C$DW$38        .dwtag  DW_TAG_member
     538                      .dwattr $C$DW$38, DW_AT_type(*$C$DW$T$16)
     539                      .dwattr $C$DW$38, DW_AT_name("Z")
     540                      .dwattr $C$DW$38, DW_AT_TI_symbol_name("_Z")
     541                      .dwattr $C$DW$38, DW_AT_data_member_location[DW_OP_plus_uconst 0xa]
     542                      .dwattr $C$DW$38, DW_AT_accessibility(DW_ACCESS_public)
     543              $C$DW$39        .dwtag  DW_TAG_member
     544                      .dwattr $C$DW$39, DW_AT_type(*$C$DW$T$16)
     545                      .dwattr $C$DW$39, DW_AT_name("GainX")
     546                      .dwattr $C$DW$39, DW_AT_TI_symbol_name("_GainX")
     547                      .dwattr $C$DW$39, DW_AT_data_member_location[DW_OP_plus_uconst 0xc]
     548                      .dwattr $C$DW$39, DW_AT_accessibility(DW_ACCESS_public)
     549              $C$DW$40        .dwtag  DW_TAG_member
     550                      .dwattr $C$DW$40, DW_AT_type(*$C$DW$T$16)
     551                      .dwattr $C$DW$40, DW_AT_name("GainY")
     552                      .dwattr $C$DW$40, DW_AT_TI_symbol_name("_GainY")
     553                      .dwattr $C$DW$40, DW_AT_data_member_location[DW_OP_plus_uconst 0xe]
     554                      .dwattr $C$DW$40, DW_AT_accessibility(DW_ACCESS_public)
     555              $C$DW$41        .dwtag  DW_TAG_member
     556                      .dwattr $C$DW$41, DW_AT_type(*$C$DW$T$16)
     557                      .dwattr $C$DW$41, DW_AT_name("FreqX")
     558                      .dwattr $C$DW$41, DW_AT_TI_symbol_name("_FreqX")
     559                      .dwattr $C$DW$41, DW_AT_data_member_location[DW_OP_plus_uconst 0x10]
     560                      .dwattr $C$DW$41, DW_AT_accessibility(DW_ACCESS_public)
     561              $C$DW$42        .dwtag  DW_TAG_member
     562                      .dwattr $C$DW$42, DW_AT_type(*$C$DW$T$16)
     563                      .dwattr $C$DW$42, DW_AT_name("FreqY")
     564                      .dwattr $C$DW$42, DW_AT_TI_symbol_name("_FreqY")
     565                      .dwattr $C$DW$42, DW_AT_data_member_location[DW_OP_plus_uconst 0x12]
     566                      .dwattr $C$DW$42, DW_AT_accessibility(DW_ACCESS_public)
     567                      .dwendtag $C$DW$T$22
     568              
     569              $C$DW$T$2       .dwtag  DW_TAG_unspecified_type
     570                      .dwattr $C$DW$T$2, DW_AT_name("void")
     571              $C$DW$T$4       .dwtag  DW_TAG_base_type
     572                      .dwattr $C$DW$T$4, DW_AT_encoding(DW_ATE_boolean)
     573                      .dwattr $C$DW$T$4, DW_AT_name("bool")
     574                      .dwattr $C$DW$T$4, DW_AT_byte_size(0x01)
     575              $C$DW$T$5       .dwtag  DW_TAG_base_type
     576                      .dwattr $C$DW$T$5, DW_AT_encoding(DW_ATE_signed_char)
     577                      .dwattr $C$DW$T$5, DW_AT_name("signed char")
     578                      .dwattr $C$DW$T$5, DW_AT_byte_size(0x01)
     579              $C$DW$T$6       .dwtag  DW_TAG_base_type
     580                      .dwattr $C$DW$T$6, DW_AT_encoding(DW_ATE_unsigned_char)
     581                      .dwattr $C$DW$T$6, DW_AT_name("unsigned char")
TMS320C2000 Assembler PC v6.4.6 Thu Feb 11 10:11:22 2016

Tools Copyright (c) 1996-2015 Texas Instruments Incorporated
fastRTS_sample.asm                                                   PAGE   14

     582                      .dwattr $C$DW$T$6, DW_AT_byte_size(0x01)
     583              $C$DW$T$7       .dwtag  DW_TAG_base_type
     584                      .dwattr $C$DW$T$7, DW_AT_encoding(DW_ATE_signed_char)
     585                      .dwattr $C$DW$T$7, DW_AT_name("wchar_t")
     586                      .dwattr $C$DW$T$7, DW_AT_byte_size(0x01)
     587              $C$DW$T$8       .dwtag  DW_TAG_base_type
     588                      .dwattr $C$DW$T$8, DW_AT_encoding(DW_ATE_signed)
     589                      .dwattr $C$DW$T$8, DW_AT_name("short")
     590                      .dwattr $C$DW$T$8, DW_AT_byte_size(0x01)
     591              $C$DW$T$9       .dwtag  DW_TAG_base_type
     592                      .dwattr $C$DW$T$9, DW_AT_encoding(DW_ATE_unsigned)
     593                      .dwattr $C$DW$T$9, DW_AT_name("unsigned short")
     594                      .dwattr $C$DW$T$9, DW_AT_byte_size(0x01)
     595              $C$DW$T$10      .dwtag  DW_TAG_base_type
     596                      .dwattr $C$DW$T$10, DW_AT_encoding(DW_ATE_signed)
     597                      .dwattr $C$DW$T$10, DW_AT_name("int")
     598                      .dwattr $C$DW$T$10, DW_AT_byte_size(0x01)
     599              $C$DW$T$26      .dwtag  DW_TAG_pointer_type
     600                      .dwattr $C$DW$T$26, DW_AT_type(*$C$DW$T$10)
     601                      .dwattr $C$DW$T$26, DW_AT_address_class(0x20)
     602              $C$DW$T$11      .dwtag  DW_TAG_base_type
     603                      .dwattr $C$DW$T$11, DW_AT_encoding(DW_ATE_unsigned)
     604                      .dwattr $C$DW$T$11, DW_AT_name("unsigned int")
     605                      .dwattr $C$DW$T$11, DW_AT_byte_size(0x01)
     606              $C$DW$T$12      .dwtag  DW_TAG_base_type
     607                      .dwattr $C$DW$T$12, DW_AT_encoding(DW_ATE_signed)
     608                      .dwattr $C$DW$T$12, DW_AT_name("long")
     609                      .dwattr $C$DW$T$12, DW_AT_byte_size(0x02)
     610              
     611              $C$DW$T$20      .dwtag  DW_TAG_array_type
     612                      .dwattr $C$DW$T$20, DW_AT_type(*$C$DW$T$12)
     613                      .dwattr $C$DW$T$20, DW_AT_language(DW_LANG_C)
     614                      .dwattr $C$DW$T$20, DW_AT_byte_size(0x80)
     615              $C$DW$43        .dwtag  DW_TAG_subrange_type
     616                      .dwattr $C$DW$43, DW_AT_upper_bound(0x3f)
     617                      .dwendtag $C$DW$T$20
     618              
     619              $C$DW$T$13      .dwtag  DW_TAG_base_type
     620                      .dwattr $C$DW$T$13, DW_AT_encoding(DW_ATE_unsigned)
     621                      .dwattr $C$DW$T$13, DW_AT_name("unsigned long")
     622                      .dwattr $C$DW$T$13, DW_AT_byte_size(0x02)
     623              $C$DW$T$14      .dwtag  DW_TAG_base_type
     624                      .dwattr $C$DW$T$14, DW_AT_encoding(DW_ATE_signed)
     625                      .dwattr $C$DW$T$14, DW_AT_name("long long")
     626                      .dwattr $C$DW$T$14, DW_AT_byte_size(0x04)
     627              $C$DW$T$15      .dwtag  DW_TAG_base_type
     628                      .dwattr $C$DW$T$15, DW_AT_encoding(DW_ATE_unsigned)
     629                      .dwattr $C$DW$T$15, DW_AT_name("unsigned long long")
     630                      .dwattr $C$DW$T$15, DW_AT_byte_size(0x04)
     631              $C$DW$T$16      .dwtag  DW_TAG_base_type
     632                      .dwattr $C$DW$T$16, DW_AT_encoding(DW_ATE_float)
     633                      .dwattr $C$DW$T$16, DW_AT_name("float")
     634                      .dwattr $C$DW$T$16, DW_AT_byte_size(0x02)
     635              
     636              $C$DW$T$19      .dwtag  DW_TAG_array_type
TMS320C2000 Assembler PC v6.4.6 Thu Feb 11 10:11:22 2016

Tools Copyright (c) 1996-2015 Texas Instruments Incorporated
fastRTS_sample.asm                                                   PAGE   15

     637                      .dwattr $C$DW$T$19, DW_AT_type(*$C$DW$T$16)
     638                      .dwattr $C$DW$T$19, DW_AT_language(DW_LANG_C)
     639                      .dwattr $C$DW$T$19, DW_AT_byte_size(0x80)
     640              $C$DW$44        .dwtag  DW_TAG_subrange_type
     641                      .dwattr $C$DW$44, DW_AT_upper_bound(0x3f)
     642                      .dwendtag $C$DW$T$19
     643              
     644              $C$DW$T$17      .dwtag  DW_TAG_base_type
     645                      .dwattr $C$DW$T$17, DW_AT_encoding(DW_ATE_float)
     646                      .dwattr $C$DW$T$17, DW_AT_name("double")
     647                      .dwattr $C$DW$T$17, DW_AT_byte_size(0x02)
     648              $C$DW$T$18      .dwtag  DW_TAG_base_type
     649                      .dwattr $C$DW$T$18, DW_AT_encoding(DW_ATE_float)
     650                      .dwattr $C$DW$T$18, DW_AT_name("long double")
     651                      .dwattr $C$DW$T$18, DW_AT_byte_size(0x04)
     652                      .dwattr $C$DW$CU, DW_AT_language(DW_LANG_C)
     653              
     654              ;***************************************************************
     655              ;* DWARF CIE ENTRIES                                           *
     656              ;***************************************************************
     657              
     658              $C$DW$CIE       .dwcie 26
     659                      .dwcfi  cfa_register, 20
     660                      .dwcfi  cfa_offset, 0
     661                      .dwcfi  undefined, 0
     662                      .dwcfi  undefined, 1
     663                      .dwcfi  undefined, 2
     664                      .dwcfi  undefined, 3
     665                      .dwcfi  undefined, 20
     666                      .dwcfi  undefined, 21
     667                      .dwcfi  undefined, 22
     668                      .dwcfi  undefined, 23
     669                      .dwcfi  undefined, 24
     670                      .dwcfi  undefined, 25
     671                      .dwcfi  undefined, 26
     672                      .dwcfi  same_value, 28
     673                      .dwcfi  undefined, 29
     674                      .dwcfi  undefined, 30
     675                      .dwcfi  undefined, 31
     676                      .dwcfi  undefined, 32
     677                      .dwcfi  undefined, 33
     678                      .dwcfi  undefined, 34
     679                      .dwcfi  undefined, 35
     680                      .dwcfi  undefined, 36
     681                      .dwcfi  undefined, 37
     682                      .dwcfi  undefined, 38
     683                      .dwcfi  undefined, 75
     684                      .dwcfi  undefined, 76
     685                      .dwcfi  undefined, 77
     686                      .dwcfi  undefined, 4
     687                      .dwcfi  undefined, 5
     688                      .dwcfi  same_value, 6
     689                      .dwcfi  same_value, 7
     690                      .dwcfi  same_value, 8
     691                      .dwcfi  same_value, 9
TMS320C2000 Assembler PC v6.4.6 Thu Feb 11 10:11:22 2016

Tools Copyright (c) 1996-2015 Texas Instruments Incorporated
fastRTS_sample.asm                                                   PAGE   16

     692                      .dwcfi  same_value, 10
     693                      .dwcfi  same_value, 11
     694                      .dwcfi  undefined, 12
     695                      .dwcfi  undefined, 13
     696                      .dwcfi  undefined, 14
     697                      .dwcfi  undefined, 15
     698                      .dwcfi  undefined, 16
     699                      .dwcfi  undefined, 17
     700                      .dwcfi  undefined, 18
     701                      .dwcfi  undefined, 19
     702                      .dwcfi  undefined, 43
     703                      .dwcfi  undefined, 44
     704                      .dwcfi  undefined, 47
     705                      .dwcfi  undefined, 48
     706                      .dwcfi  undefined, 51
     707                      .dwcfi  undefined, 52
     708                      .dwcfi  undefined, 55
     709                      .dwcfi  undefined, 56
     710                      .dwcfi  same_value, 59
     711                      .dwcfi  same_value, 60
     712                      .dwcfi  same_value, 63
     713                      .dwcfi  same_value, 64
     714                      .dwcfi  same_value, 67
     715                      .dwcfi  same_value, 68
     716                      .dwcfi  same_value, 71
     717                      .dwcfi  same_value, 72
     718                      .dwcfi  undefined, 73
     719                      .dwcfi  undefined, 74
     720                      .dwcfi  undefined, 39
     721                      .dwcfi  undefined, 40
     722                      .dwcfi  undefined, 27
     723                      .dwendentry
     724              
     725              ;***************************************************************
     726              ;* DWARF REGISTER MAP                                          *
     727              ;***************************************************************
     728              
     729              $C$DW$45        .dwtag  DW_TAG_TI_assign_register, DW_AT_name("AL")
     730                      .dwattr $C$DW$45, DW_AT_location[DW_OP_reg0]
     731              $C$DW$46        .dwtag  DW_TAG_TI_assign_register, DW_AT_name("AH")
     732                      .dwattr $C$DW$46, DW_AT_location[DW_OP_reg1]
     733              $C$DW$47        .dwtag  DW_TAG_TI_assign_register, DW_AT_name("PL")
     734                      .dwattr $C$DW$47, DW_AT_location[DW_OP_reg2]
     735              $C$DW$48        .dwtag  DW_TAG_TI_assign_register, DW_AT_name("PH")
     736                      .dwattr $C$DW$48, DW_AT_location[DW_OP_reg3]
     737              $C$DW$49        .dwtag  DW_TAG_TI_assign_register, DW_AT_name("SP")
     738                      .dwattr $C$DW$49, DW_AT_location[DW_OP_reg20]
     739              $C$DW$50        .dwtag  DW_TAG_TI_assign_register, DW_AT_name("XT")
     740                      .dwattr $C$DW$50, DW_AT_location[DW_OP_reg21]
     741              $C$DW$51        .dwtag  DW_TAG_TI_assign_register, DW_AT_name("T")
     742                      .dwattr $C$DW$51, DW_AT_location[DW_OP_reg22]
     743              $C$DW$52        .dwtag  DW_TAG_TI_assign_register, DW_AT_name("ST0")
     744                      .dwattr $C$DW$52, DW_AT_location[DW_OP_reg23]
     745              $C$DW$53        .dwtag  DW_TAG_TI_assign_register, DW_AT_name("ST1")
     746                      .dwattr $C$DW$53, DW_AT_location[DW_OP_reg24]
TMS320C2000 Assembler PC v6.4.6 Thu Feb 11 10:11:22 2016

Tools Copyright (c) 1996-2015 Texas Instruments Incorporated
fastRTS_sample.asm                                                   PAGE   17

     747              $C$DW$54        .dwtag  DW_TAG_TI_assign_register, DW_AT_name("PC")
     748                      .dwattr $C$DW$54, DW_AT_location[DW_OP_reg25]
     749              $C$DW$55        .dwtag  DW_TAG_TI_assign_register, DW_AT_name("RPC")
     750                      .dwattr $C$DW$55, DW_AT_location[DW_OP_reg26]
     751              $C$DW$56        .dwtag  DW_TAG_TI_assign_register, DW_AT_name("FP")
     752                      .dwattr $C$DW$56, DW_AT_location[DW_OP_reg28]
     753              $C$DW$57        .dwtag  DW_TAG_TI_assign_register, DW_AT_name("DP")
     754                      .dwattr $C$DW$57, DW_AT_location[DW_OP_reg29]
     755              $C$DW$58        .dwtag  DW_TAG_TI_assign_register, DW_AT_name("SXM")
     756                      .dwattr $C$DW$58, DW_AT_location[DW_OP_reg30]
     757              $C$DW$59        .dwtag  DW_TAG_TI_assign_register, DW_AT_name("PM")
     758                      .dwattr $C$DW$59, DW_AT_location[DW_OP_reg31]
     759              $C$DW$60        .dwtag  DW_TAG_TI_assign_register, DW_AT_name("OVM")
     760                      .dwattr $C$DW$60, DW_AT_location[DW_OP_regx 0x20]
     761              $C$DW$61        .dwtag  DW_TAG_TI_assign_register, DW_AT_name("PAGE0")
     762                      .dwattr $C$DW$61, DW_AT_location[DW_OP_regx 0x21]
     763              $C$DW$62        .dwtag  DW_TAG_TI_assign_register, DW_AT_name("AMODE")
     764                      .dwattr $C$DW$62, DW_AT_location[DW_OP_regx 0x22]
     765              $C$DW$63        .dwtag  DW_TAG_TI_assign_register, DW_AT_name("INTM")
     766                      .dwattr $C$DW$63, DW_AT_location[DW_OP_regx 0x23]
     767              $C$DW$64        .dwtag  DW_TAG_TI_assign_register, DW_AT_name("IFR")
     768                      .dwattr $C$DW$64, DW_AT_location[DW_OP_regx 0x24]
     769              $C$DW$65        .dwtag  DW_TAG_TI_assign_register, DW_AT_name("IER")
     770                      .dwattr $C$DW$65, DW_AT_location[DW_OP_regx 0x25]
     771              $C$DW$66        .dwtag  DW_TAG_TI_assign_register, DW_AT_name("V")
     772                      .dwattr $C$DW$66, DW_AT_location[DW_OP_regx 0x26]
     773              $C$DW$67        .dwtag  DW_TAG_TI_assign_register, DW_AT_name("PSEUDOH")
     774                      .dwattr $C$DW$67, DW_AT_location[DW_OP_regx 0x4c]
     775              $C$DW$68        .dwtag  DW_TAG_TI_assign_register, DW_AT_name("VOL")
     776                      .dwattr $C$DW$68, DW_AT_location[DW_OP_regx 0x4d]
     777              $C$DW$69        .dwtag  DW_TAG_TI_assign_register, DW_AT_name("AR0")
     778                      .dwattr $C$DW$69, DW_AT_location[DW_OP_reg4]
     779              $C$DW$70        .dwtag  DW_TAG_TI_assign_register, DW_AT_name("XAR0")
     780                      .dwattr $C$DW$70, DW_AT_location[DW_OP_reg5]
     781              $C$DW$71        .dwtag  DW_TAG_TI_assign_register, DW_AT_name("AR1")
     782                      .dwattr $C$DW$71, DW_AT_location[DW_OP_reg6]
     783              $C$DW$72        .dwtag  DW_TAG_TI_assign_register, DW_AT_name("XAR1")
     784                      .dwattr $C$DW$72, DW_AT_location[DW_OP_reg7]
     785              $C$DW$73        .dwtag  DW_TAG_TI_assign_register, DW_AT_name("AR2")
     786                      .dwattr $C$DW$73, DW_AT_location[DW_OP_reg8]
     787              $C$DW$74        .dwtag  DW_TAG_TI_assign_register, DW_AT_name("XAR2")
     788                      .dwattr $C$DW$74, DW_AT_location[DW_OP_reg9]
     789              $C$DW$75        .dwtag  DW_TAG_TI_assign_register, DW_AT_name("AR3")
     790                      .dwattr $C$DW$75, DW_AT_location[DW_OP_reg10]
     791              $C$DW$76        .dwtag  DW_TAG_TI_assign_register, DW_AT_name("XAR3")
     792                      .dwattr $C$DW$76, DW_AT_location[DW_OP_reg11]
     793              $C$DW$77        .dwtag  DW_TAG_TI_assign_register, DW_AT_name("AR4")
     794                      .dwattr $C$DW$77, DW_AT_location[DW_OP_reg12]
     795              $C$DW$78        .dwtag  DW_TAG_TI_assign_register, DW_AT_name("XAR4")
     796                      .dwattr $C$DW$78, DW_AT_location[DW_OP_reg13]
     797              $C$DW$79        .dwtag  DW_TAG_TI_assign_register, DW_AT_name("AR5")
     798                      .dwattr $C$DW$79, DW_AT_location[DW_OP_reg14]
     799              $C$DW$80        .dwtag  DW_TAG_TI_assign_register, DW_AT_name("XAR5")
     800                      .dwattr $C$DW$80, DW_AT_location[DW_OP_reg15]
     801              $C$DW$81        .dwtag  DW_TAG_TI_assign_register, DW_AT_name("AR6")
TMS320C2000 Assembler PC v6.4.6 Thu Feb 11 10:11:22 2016

Tools Copyright (c) 1996-2015 Texas Instruments Incorporated
fastRTS_sample.asm                                                   PAGE   18

     802                      .dwattr $C$DW$81, DW_AT_location[DW_OP_reg16]
     803              $C$DW$82        .dwtag  DW_TAG_TI_assign_register, DW_AT_name("XAR6")
     804                      .dwattr $C$DW$82, DW_AT_location[DW_OP_reg17]
     805              $C$DW$83        .dwtag  DW_TAG_TI_assign_register, DW_AT_name("AR7")
     806                      .dwattr $C$DW$83, DW_AT_location[DW_OP_reg18]
     807              $C$DW$84        .dwtag  DW_TAG_TI_assign_register, DW_AT_name("XAR7")
     808                      .dwattr $C$DW$84, DW_AT_location[DW_OP_reg19]
     809              $C$DW$85        .dwtag  DW_TAG_TI_assign_register, DW_AT_name("R0HL")
     810                      .dwattr $C$DW$85, DW_AT_location[DW_OP_regx 0x2b]
     811              $C$DW$86        .dwtag  DW_TAG_TI_assign_register, DW_AT_name("R0H")
     812                      .dwattr $C$DW$86, DW_AT_location[DW_OP_regx 0x2c]
     813              $C$DW$87        .dwtag  DW_TAG_TI_assign_register, DW_AT_name("R1HL")
     814                      .dwattr $C$DW$87, DW_AT_location[DW_OP_regx 0x2f]
     815              $C$DW$88        .dwtag  DW_TAG_TI_assign_register, DW_AT_name("R1H")
     816                      .dwattr $C$DW$88, DW_AT_location[DW_OP_regx 0x30]
     817              $C$DW$89        .dwtag  DW_TAG_TI_assign_register, DW_AT_name("R2HL")
     818                      .dwattr $C$DW$89, DW_AT_location[DW_OP_regx 0x33]
     819              $C$DW$90        .dwtag  DW_TAG_TI_assign_register, DW_AT_name("R2H")
     820                      .dwattr $C$DW$90, DW_AT_location[DW_OP_regx 0x34]
     821              $C$DW$91        .dwtag  DW_TAG_TI_assign_register, DW_AT_name("R3HL")
     822                      .dwattr $C$DW$91, DW_AT_location[DW_OP_regx 0x37]
     823              $C$DW$92        .dwtag  DW_TAG_TI_assign_register, DW_AT_name("R3H")
     824                      .dwattr $C$DW$92, DW_AT_location[DW_OP_regx 0x38]
     825              $C$DW$93        .dwtag  DW_TAG_TI_assign_register, DW_AT_name("R4HL")
     826                      .dwattr $C$DW$93, DW_AT_location[DW_OP_regx 0x3b]
     827              $C$DW$94        .dwtag  DW_TAG_TI_assign_register, DW_AT_name("R4H")
     828                      .dwattr $C$DW$94, DW_AT_location[DW_OP_regx 0x3c]
     829              $C$DW$95        .dwtag  DW_TAG_TI_assign_register, DW_AT_name("R5HL")
     830                      .dwattr $C$DW$95, DW_AT_location[DW_OP_regx 0x3f]
     831              $C$DW$96        .dwtag  DW_TAG_TI_assign_register, DW_AT_name("R5H")
     832                      .dwattr $C$DW$96, DW_AT_location[DW_OP_regx 0x40]
     833              $C$DW$97        .dwtag  DW_TAG_TI_assign_register, DW_AT_name("R6HL")
     834                      .dwattr $C$DW$97, DW_AT_location[DW_OP_regx 0x43]
     835              $C$DW$98        .dwtag  DW_TAG_TI_assign_register, DW_AT_name("R6H")
     836                      .dwattr $C$DW$98, DW_AT_location[DW_OP_regx 0x44]
     837              $C$DW$99        .dwtag  DW_TAG_TI_assign_register, DW_AT_name("R7HL")
     838                      .dwattr $C$DW$99, DW_AT_location[DW_OP_regx 0x47]
     839              $C$DW$100       .dwtag  DW_TAG_TI_assign_register, DW_AT_name("R7H")
     840                      .dwattr $C$DW$100, DW_AT_location[DW_OP_regx 0x48]
     841              $C$DW$101       .dwtag  DW_TAG_TI_assign_register, DW_AT_name("RBL")
     842                      .dwattr $C$DW$101, DW_AT_location[DW_OP_regx 0x49]
     843              $C$DW$102       .dwtag  DW_TAG_TI_assign_register, DW_AT_name("RB")
     844                      .dwattr $C$DW$102, DW_AT_location[DW_OP_regx 0x4a]
     845              $C$DW$103       .dwtag  DW_TAG_TI_assign_register, DW_AT_name("STFL")
     846                      .dwattr $C$DW$103, DW_AT_location[DW_OP_regx 0x27]
     847              $C$DW$104       .dwtag  DW_TAG_TI_assign_register, DW_AT_name("STF")
     848                      .dwattr $C$DW$104, DW_AT_location[DW_OP_regx 0x28]
     849              $C$DW$105       .dwtag  DW_TAG_TI_assign_register, DW_AT_name("FPUHAZ")
     850                      .dwattr $C$DW$105, DW_AT_location[DW_OP_reg27]
     851                      .dwendtag $C$DW$CU
     852              

No Assembly Errors, No Assembly Warnings
